<?xml version="1.0" encoding="UTF-8"?>
<!-- Generated by org.testng.reporters.JUnitXMLReporter -->
<testsuite hostname="DESKTOP-IC54V12" ignored="6" name="testng" tests="5" failures="1" timestamp="20 Mar 2020 04:12:09 GMT" time="90.512" errors="0">
  <testcase name="GoogleCurrentUrlTest" time="0.022" classname="MultipleScenario.ExtentReportV4"/>
  <testcase name="GoogleTitleTest" time="0.011" classname="MultipleScenario.ExtentReportV4">
    <failure type="java.lang.AssertionError" message="null">
      <![CDATA[java.lang.AssertionError: null
at MultipleScenario.ExtentReportV4.GoogleTitleTest(ExtentReportV4.java:113)
... Removed 27 stack frames]]>
    </failure>
  </testcase> <!-- GoogleTitleTest -->
  <testcase name="GoogleCurrentUrlTest2" time="0.009" classname="MultipleScenario.ExtentReportClass2"/>
  <testcase name="GoogleTitleTest2" time="0.009" classname="MultipleScenario.ExtentReportClass2"/>
  <testcase name="FrameTest" time="17.198" classname="MultipleScenario.FrameClass"/>
  <testcase name="GoogleSearchElements" time="0.0" classname="MultipleScenario.ExtentReportV4">
    <ignored/>
  </testcase> <!-- GoogleSearchElements -->
  <testcase name="@AfterTest endExtent" time="0.0" classname="helper.BaseClass">
    <ignored/>
  </testcase> <!-- @AfterTest endExtent -->
  <testcase name="@AfterTest endExtent" time="0.0" classname="helper.BaseClass">
    <ignored/>
  </testcase> <!-- @AfterTest endExtent -->
  <testcase name="@BeforeTest setExtent" time="0.0" classname="helper.BaseClass">
    <ignored/>
  </testcase> <!-- @BeforeTest setExtent -->
  <testcase name="@BeforeTest setExtent" time="0.0" classname="helper.BaseClass">
    <ignored/>
  </testcase> <!-- @BeforeTest setExtent -->
  <testcase name="GoogleLogoTest" time="0.0" classname="MultipleScenario.ExtentReportV4">
    <ignored/>
  </testcase> <!-- GoogleLogoTest -->
</testsuite> <!-- testng -->
